<?xml version="1.0" encoding="UTF-8"?>
<!-- Generated by org.testng.reporters.JUnitReportReporter -->
<testsuite hostname="MX-IT01127" name="com.cuadrado.tests.WikiTests" tests="1" failures="0" timestamp="27 Mar 2018 17:59:46 GMT" time="1.556" errors="0">
  <testcase name="testWikiSearch" time="1.556" classname="com.cuadrado.tests.WikiTests"/>
</testsuite> <!-- com.cuadrado.tests.WikiTests -->
