<?xml version="1.0" encoding="UTF-8"?>
<!-- Generated by org.testng.reporters.JUnitReportReporter -->
<testsuite hostname="MX-IT01127" name="com.cuadrado.training.AnnotationTests" tests="1" failures="0" timestamp="27 Mar 2018 17:59:46 GMT" time="0.007" errors="0">
  <testcase name="testConcat" time="0.007" classname="com.cuadrado.training.AnnotationTests"/>
</testsuite> <!-- com.cuadrado.training.AnnotationTests -->
