<?xml version="1.0" encoding="UTF-8"?>
<!-- Generated by org.testng.reporters.JUnitReportReporter -->
<testsuite hostname="MX-IT01127" name="com.cuadrado.starbucks.Test.StarbucksTests" tests="1" failures="0" timestamp="2 Apr 2018 17:16:11 GMT" time="9.752" errors="0">
  <testcase name="testStarbucks" time="9.752" classname="com.cuadrado.starbucks.Test.StarbucksTests"/>
</testsuite> <!-- com.cuadrado.starbucks.Test.StarbucksTests -->
