<?xml version="1.0" encoding="UTF-8"?>
<!-- Generated by org.testng.reporters.JUnitReportReporter -->
<testsuite hostname="MX-IT01127" name="com.cuadrado.starbucks.Test.StarbucksTests" tests="1" failures="0" timestamp="11 Apr 2018 20:49:08 GMT" time="0.154" errors="0">
  <testcase name="testStarbucks" time="0.154" classname="com.cuadrado.starbucks.Test.StarbucksTests"/>
</testsuite> <!-- com.cuadrado.starbucks.Test.StarbucksTests -->
