<?xml version="1.0" encoding="UTF-8"?>
<!-- Generated by org.testng.reporters.JUnitReportReporter -->
<testsuite hostname="MX-IT01127" name="com.cuadrado.starbucks.Test.StarbucksTests" tests="1" failures="0" timestamp="3 Apr 2018 00:08:06 GMT" time="5.370" errors="0">
  <testcase name="testStarbucks" time="5.370" classname="com.cuadrado.starbucks.Test.StarbucksTests"/>
</testsuite> <!-- com.cuadrado.starbucks.Test.StarbucksTests -->
